<?xml version="1.0" encoding="UTF-8"?>
<!-- Generated by org.testng.reporters.JUnitReportReporter -->
<testsuite skipped="0" hostname="LAPTOP-9LNFVES2" name="com.amazon.objectrepositorylib.amazonreference" tests="1" failures="0" timestamp="04 Mar 2021 17:11:01 GMT" time="198.957" errors="0">
  <testcase name="createProject" time="198.957" classname="com.amazon.objectrepositorylib.amazonreference"/>
</testsuite> <!-- com.amazon.objectrepositorylib.amazonreference -->
