<?xml version="1.0" encoding="UTF-8"?>
<!-- Generated by org.testng.reporters.JUnitReportReporter -->
<testsuite skipped="0" hostname="LAPTOP-9LNFVES2" name="com.amazon.productTest.SerachProductAndAddtoCart" tests="1" failures="0" timestamp="04 Mar 2021 20:16:13 GMT" time="19.676" errors="0">
  <testcase name="searchProductTest" time="19.676" classname="com.amazon.productTest.SerachProductAndAddtoCart"/>
</testsuite> <!-- com.amazon.productTest.SerachProductAndAddtoCart -->
