<?xml version="1.0" encoding="UTF-8"?>
<!-- Generated by org.testng.reporters.JUnitReportReporter -->
<testsuite skipped="0" hostname="LAPTOP-9LNFVES2" name="com.amazon.productTest.AddProdcarettest" tests="1" failures="0" timestamp="04 Mar 2021 20:16:13 GMT" time="17.006" errors="0">
  <testcase name="searchProductTestwithaddtocart" time="17.006" classname="com.amazon.productTest.AddProdcarettest"/>
</testsuite> <!-- com.amazon.productTest.AddProdcarettest -->
